INFO: [VRFC 10-2263] Analyzing Verilog file "D:/MyFiles/Vivado_workplace/project_8/project_8.sim/sim_1/impl/timing/xsim/FZ_time_impl.v" into library xil_defaultlib
INFO: [VRFC 10-311] analyzing module Top_module
INFO: [VRFC 10-311] analyzing module blk_mem_gen_0
INFO: [VRFC 10-311] analyzing module sub_7seg
INFO: [VRFC 10-311] analyzing module sub_7seg_translate
INFO: [VRFC 10-311] analyzing module sub_7seg_translate__hierPathDup__1
INFO: [VRFC 10-311] analyzing module sub_7seg_translate__hierPathDup__10
INFO: [VRFC 10-311] analyzing module sub_7seg_translate__hierPathDup__11
INFO: [VRFC 10-311] analyzing module sub_7seg_translate__hierPathDup__12
INFO: [VRFC 10-311] analyzing module sub_7seg_translate__hierPathDup__13
INFO: [VRFC 10-311] analyzing module sub_7seg_translate__hierPathDup__14
INFO: [VRFC 10-311] analyzing module sub_7seg_translate__hierPathDup__15
INFO: [VRFC 10-311] analyzing module sub_7seg_translate__hierPathDup__16
INFO: [VRFC 10-311] analyzing module sub_7seg_translate__hierPathDup__17
INFO: [VRFC 10-311] analyzing module sub_7seg_translate__hierPathDup__18
INFO: [VRFC 10-311] analyzing module sub_7seg_translate__hierPathDup__19
INFO: [VRFC 10-311] analyzing module sub_7seg_translate__hierPathDup__2
INFO: [VRFC 10-311] analyzing module sub_7seg_translate__hierPathDup__20
INFO: [VRFC 10-311] analyzing module sub_7seg_translate__hierPathDup__21
INFO: [VRFC 10-311] analyzing module sub_7seg_translate__hierPathDup__22
INFO: [VRFC 10-311] analyzing module sub_7seg_translate__hierPathDup__23
INFO: [VRFC 10-311] analyzing module sub_7seg_translate__hierPathDup__3
INFO: [VRFC 10-311] analyzing module sub_7seg_translate__hierPathDup__4
INFO: [VRFC 10-311] analyzing module sub_7seg_translate__hierPathDup__5
INFO: [VRFC 10-311] analyzing module sub_7seg_translate__hierPathDup__6
INFO: [VRFC 10-311] analyzing module sub_7seg_translate__hierPathDup__7
INFO: [VRFC 10-311] analyzing module sub_7seg_translate__hierPathDup__8
INFO: [VRFC 10-311] analyzing module sub_7seg_translate__hierPathDup__9
INFO: [VRFC 10-311] analyzing module sub_DDS_sine
INFO: [VRFC 10-311] analyzing module sub_Frequency_div
INFO: [VRFC 10-311] analyzing module sub_Frequency_div__hierPathDup__1
INFO: [VRFC 10-311] analyzing module sub_get_f_BCD
INFO: [VRFC 10-311] analyzing module sub_get_f_BCD__hierPathDup__1
INFO: [VRFC 10-311] analyzing module blk_mem_gen_0_blk_mem_gen_generic_cstr
INFO: [VRFC 10-311] analyzing module blk_mem_gen_0_blk_mem_gen_prim_width
INFO: [VRFC 10-311] analyzing module blk_mem_gen_0_blk_mem_gen_prim_wrapper_init
INFO: [VRFC 10-311] analyzing module blk_mem_gen_0_blk_mem_gen_top
INFO: [VRFC 10-311] analyzing module blk_mem_gen_0_blk_mem_gen_v8_4_3
INFO: [VRFC 10-311] analyzing module blk_mem_gen_0_blk_mem_gen_v8_4_3_synth
INFO: [VRFC 10-311] analyzing module glbl
INFO: [VRFC 10-2263] Analyzing Verilog file "D:/MyFiles/Vivado_workplace/project_8/project_8.srcs/sim_1/new/FZ.v" into library xil_defaultlib
INFO: [VRFC 10-311] analyzing module FZ
