INFO: [VRFC 10-2263] Analyzing Verilog file "D:/MyFiles/Vivado_workplace/project_9 - Copy/project_9.srcs/sources_1/ip/blk_mem_gen_0/sim/blk_mem_gen_0.v" into library xil_defaultlib
INFO: [VRFC 10-311] analyzing module blk_mem_gen_0
INFO: [VRFC 10-2263] Analyzing Verilog file "D:/MyFiles/Vivado_workplace/project_9 - Copy/project_9.srcs/sources_1/new/DDS.v" into library xil_defaultlib
INFO: [VRFC 10-311] analyzing module sub_DDS_sine
INFO: [VRFC 10-2263] Analyzing Verilog file "D:/MyFiles/Vivado_workplace/project_9 - Copy/project_9.srcs/sources_1/new/cal.v" into library xil_defaultlib
INFO: [VRFC 10-311] analyzing module sub_cal_freq
INFO: [VRFC 10-2263] Analyzing Verilog file "D:/MyFiles/Vivado_workplace/project_9 - Copy/project_9.srcs/sources_1/new/div.v" into library xil_defaultlib
INFO: [VRFC 10-311] analyzing module sub_Frequency_div
INFO: [VRFC 10-2263] Analyzing Verilog file "D:/MyFiles/Vivado_workplace/project_9 - Copy/project_9.srcs/sources_1/new/f_bcd.v" into library xil_defaultlib
INFO: [VRFC 10-311] analyzing module sub_get_f_BCD
INFO: [VRFC 10-2263] Analyzing Verilog file "D:/MyFiles/Vivado_workplace/project_9 - Copy/project_9.srcs/sources_1/new/sub7seg.v" into library xil_defaultlib
INFO: [VRFC 10-311] analyzing module sub_7seg
INFO: [VRFC 10-2263] Analyzing Verilog file "D:/MyFiles/Vivado_workplace/project_9 - Copy/project_9.srcs/sources_1/new/sub_7seg_tran.v" into library xil_defaultlib
INFO: [VRFC 10-311] analyzing module sub_7seg_translate
INFO: [VRFC 10-2263] Analyzing Verilog file "D:/MyFiles/Vivado_workplace/project_9 - Copy/project_9.srcs/sources_1/new/ulk.v" into library xil_defaultlib
INFO: [VRFC 10-311] analyzing module clk_ut
INFO: [VRFC 10-2263] Analyzing Verilog file "D:/MyFiles/Vivado_workplace/project_9 - Copy/project_9.srcs/sources_1/new/t.v" into library xil_defaultlib
INFO: [VRFC 10-311] analyzing module Top_module
INFO: [VRFC 10-2263] Analyzing Verilog file "D:/MyFiles/Vivado_workplace/project_9 - Copy/project_9.sim/sim_1/behav/xsim/glbl.v" into library xil_defaultlib
INFO: [VRFC 10-311] analyzing module glbl
