#-----------------------------------------------------------
# Vivado v2019.1 (64-bit)
# SW Build 2552052 on Fri May 24 14:49:42 MDT 2019
# IP Build 2548770 on Fri May 24 18:01:18 MDT 2019
# Start of session at: Fri Nov 25 13:07:51 2022
# Process ID: 7892
# Current directory: D:/MyFiles/Vivado_workplace/project_9 - Copy
# Command line: vivado.exe -gui_launcher_event rodinguilauncherevent10648 D:\MyFiles\Vivado_workplace\project_9 - Copy\project_9.xpr
# Log file: D:/MyFiles/Vivado_workplace/project_9 - Copy/vivado.log
# Journal file: D:/MyFiles/Vivado_workplace/project_9 - Copy\vivado.jou
#-----------------------------------------------------------
start_gui
open_project {D:/MyFiles/Vivado_workplace/project_9 - Copy/project_9.xpr}
INFO: [Project 1-313] Project file moved from 'D:/MyFiles/Vivado_workplace/project_9' since last save.
Scanning sources...
Finished scanning sources
INFO: [IP_Flow 19-234] Refreshing IP repositories
INFO: [IP_Flow 19-1704] No user IP repositories specified
INFO: [IP_Flow 19-2313] Loaded Vivado IP repository 'D:/MyPrograms/Vivado/Vivado/2019.1/data/ip'.
open_project: Time (s): cpu = 00:00:30 ; elapsed = 00:00:16 . Memory (MB): peak = 710.707 ; gain = 111.512
update_compile_order -fileset sources_1
exit
INFO: [Common 17-206] Exiting Vivado at Fri Nov 25 13:39:19 2022...
