
*** Running vivado
    with args -log Top_module.vds -m64 -product Vivado -mode batch -messageDb vivado.pb -notrace -source Top_module.tcl


****** Vivado v2019.1 (64-bit)
  **** SW Build 2552052 on Fri May 24 14:49:42 MDT 2019
  **** IP Build 2548770 on Fri May 24 18:01:18 MDT 2019
    ** Copyright 1986-2019 Xilinx, Inc. All Rights Reserved.

source Top_module.tcl -notrace
Command: synth_design -top Top_module -part xc7a35tcsg324-1
Starting synth_design
Attempting to get a license for feature 'Synthesis' and/or device 'xc7a35t'
INFO: [Common 17-349] Got license for feature 'Synthesis' and/or device 'xc7a35t'
INFO: [Device 21-403] Loading part xc7a35tcsg324-1
INFO: Launching helper process for spawning children vivado processes
INFO: Helper process launched with PID 31700 
---------------------------------------------------------------------------------
Starting RTL Elaboration : Time (s): cpu = 00:00:04 ; elapsed = 00:00:05 . Memory (MB): peak = 710.277 ; gain = 177.219
---------------------------------------------------------------------------------
INFO: [Synth 8-6157] synthesizing module 'Top_module' [D:/MyFiles/Vivado_workplace/project_8/project_8.srcs/sources_1/new/Top_module.v:23]
WARNING: [Synth 8-4446] all outputs are unconnected for this instance and logic may be removed [D:/MyFiles/Vivado_workplace/project_8/project_8.srcs/sources_1/new/Top_module.v:48]
INFO: [Synth 8-6157] synthesizing module 'sub_Frequency_div' [D:/MyFiles/Vivado_workplace/project_8/project_8.srcs/sources_1/new/sub_Frequency_div.v:23]
INFO: [Synth 8-6155] done synthesizing module 'sub_Frequency_div' (1#1) [D:/MyFiles/Vivado_workplace/project_8/project_8.srcs/sources_1/new/sub_Frequency_div.v:23]
WARNING: [Synth 8-7023] instance 'd1' of module 'sub_Frequency_div' has 4 connections declared, but only 3 given [D:/MyFiles/Vivado_workplace/project_8/project_8.srcs/sources_1/new/Top_module.v:48]
INFO: [Synth 8-6157] synthesizing module 'sub_7seg' [D:/MyFiles/Vivado_workplace/project_8/project_8.srcs/sources_1/new/sub_7seg.v:31]
WARNING: [Synth 8-4446] all outputs are unconnected for this instance and logic may be removed [D:/MyFiles/Vivado_workplace/project_8/project_8.srcs/sources_1/new/sub_7seg.v:61]
INFO: [Synth 8-6157] synthesizing module 'sub_7seg_translate' [D:/MyFiles/Vivado_workplace/project_8/project_8.srcs/sources_1/new/sub_7seg_translate.v:32]
INFO: [Synth 8-155] case statement is not full and has no default [D:/MyFiles/Vivado_workplace/project_8/project_8.srcs/sources_1/new/sub_7seg_translate.v:41]
INFO: [Synth 8-6155] done synthesizing module 'sub_7seg_translate' (2#1) [D:/MyFiles/Vivado_workplace/project_8/project_8.srcs/sources_1/new/sub_7seg_translate.v:32]
WARNING: [Synth 8-4446] all outputs are unconnected for this instance and logic may be removed [D:/MyFiles/Vivado_workplace/project_8/project_8.srcs/sources_1/new/sub_7seg.v:65]
WARNING: [Synth 8-4446] all outputs are unconnected for this instance and logic may be removed [D:/MyFiles/Vivado_workplace/project_8/project_8.srcs/sources_1/new/sub_7seg.v:69]
WARNING: [Synth 8-4446] all outputs are unconnected for this instance and logic may be removed [D:/MyFiles/Vivado_workplace/project_8/project_8.srcs/sources_1/new/sub_7seg.v:73]
WARNING: [Synth 8-4446] all outputs are unconnected for this instance and logic may be removed [D:/MyFiles/Vivado_workplace/project_8/project_8.srcs/sources_1/new/sub_7seg.v:77]
WARNING: [Synth 8-4446] all outputs are unconnected for this instance and logic may be removed [D:/MyFiles/Vivado_workplace/project_8/project_8.srcs/sources_1/new/sub_7seg.v:81]
WARNING: [Synth 8-4446] all outputs are unconnected for this instance and logic may be removed [D:/MyFiles/Vivado_workplace/project_8/project_8.srcs/sources_1/new/sub_7seg.v:85]
WARNING: [Synth 8-4446] all outputs are unconnected for this instance and logic may be removed [D:/MyFiles/Vivado_workplace/project_8/project_8.srcs/sources_1/new/sub_7seg.v:89]
WARNING: [Synth 8-4446] all outputs are unconnected for this instance and logic may be removed [D:/MyFiles/Vivado_workplace/project_8/project_8.srcs/sources_1/new/sub_7seg.v:99]
INFO: [Synth 8-6157] synthesizing module 'sub_get_f_BCD' [D:/MyFiles/Vivado_workplace/project_8/project_8.srcs/sources_1/new/sub_get_f_BCD.v:23]
INFO: [Synth 8-6155] done synthesizing module 'sub_get_f_BCD' (3#1) [D:/MyFiles/Vivado_workplace/project_8/project_8.srcs/sources_1/new/sub_get_f_BCD.v:23]
WARNING: [Synth 8-4446] all outputs are unconnected for this instance and logic may be removed [D:/MyFiles/Vivado_workplace/project_8/project_8.srcs/sources_1/new/sub_7seg.v:113]
WARNING: [Synth 8-4446] all outputs are unconnected for this instance and logic may be removed [D:/MyFiles/Vivado_workplace/project_8/project_8.srcs/sources_1/new/sub_7seg.v:117]
WARNING: [Synth 8-4446] all outputs are unconnected for this instance and logic may be removed [D:/MyFiles/Vivado_workplace/project_8/project_8.srcs/sources_1/new/sub_7seg.v:121]
WARNING: [Synth 8-4446] all outputs are unconnected for this instance and logic may be removed [D:/MyFiles/Vivado_workplace/project_8/project_8.srcs/sources_1/new/sub_7seg.v:125]
WARNING: [Synth 8-4446] all outputs are unconnected for this instance and logic may be removed [D:/MyFiles/Vivado_workplace/project_8/project_8.srcs/sources_1/new/sub_7seg.v:129]
WARNING: [Synth 8-4446] all outputs are unconnected for this instance and logic may be removed [D:/MyFiles/Vivado_workplace/project_8/project_8.srcs/sources_1/new/sub_7seg.v:133]
WARNING: [Synth 8-4446] all outputs are unconnected for this instance and logic may be removed [D:/MyFiles/Vivado_workplace/project_8/project_8.srcs/sources_1/new/sub_7seg.v:137]
WARNING: [Synth 8-4446] all outputs are unconnected for this instance and logic may be removed [D:/MyFiles/Vivado_workplace/project_8/project_8.srcs/sources_1/new/sub_7seg.v:141]
WARNING: [Synth 8-4446] all outputs are unconnected for this instance and logic may be removed [D:/MyFiles/Vivado_workplace/project_8/project_8.srcs/sources_1/new/sub_7seg.v:160]
WARNING: [Synth 8-4446] all outputs are unconnected for this instance and logic may be removed [D:/MyFiles/Vivado_workplace/project_8/project_8.srcs/sources_1/new/sub_7seg.v:164]
WARNING: [Synth 8-4446] all outputs are unconnected for this instance and logic may be removed [D:/MyFiles/Vivado_workplace/project_8/project_8.srcs/sources_1/new/sub_7seg.v:168]
WARNING: [Synth 8-4446] all outputs are unconnected for this instance and logic may be removed [D:/MyFiles/Vivado_workplace/project_8/project_8.srcs/sources_1/new/sub_7seg.v:172]
WARNING: [Synth 8-4446] all outputs are unconnected for this instance and logic may be removed [D:/MyFiles/Vivado_workplace/project_8/project_8.srcs/sources_1/new/sub_7seg.v:176]
WARNING: [Synth 8-4446] all outputs are unconnected for this instance and logic may be removed [D:/MyFiles/Vivado_workplace/project_8/project_8.srcs/sources_1/new/sub_7seg.v:180]
WARNING: [Synth 8-4446] all outputs are unconnected for this instance and logic may be removed [D:/MyFiles/Vivado_workplace/project_8/project_8.srcs/sources_1/new/sub_7seg.v:184]
WARNING: [Synth 8-4446] all outputs are unconnected for this instance and logic may be removed [D:/MyFiles/Vivado_workplace/project_8/project_8.srcs/sources_1/new/sub_7seg.v:188]
WARNING: [Synth 8-4446] all outputs are unconnected for this instance and logic may be removed [D:/MyFiles/Vivado_workplace/project_8/project_8.srcs/sources_1/new/sub_7seg.v:203]
WARNING: [Synth 8-4446] all outputs are unconnected for this instance and logic may be removed [D:/MyFiles/Vivado_workplace/project_8/project_8.srcs/sources_1/new/sub_7seg.v:207]
WARNING: [Synth 8-4446] all outputs are unconnected for this instance and logic may be removed [D:/MyFiles/Vivado_workplace/project_8/project_8.srcs/sources_1/new/sub_7seg.v:211]
WARNING: [Synth 8-4446] all outputs are unconnected for this instance and logic may be removed [D:/MyFiles/Vivado_workplace/project_8/project_8.srcs/sources_1/new/sub_7seg.v:215]
WARNING: [Synth 8-4446] all outputs are unconnected for this instance and logic may be removed [D:/MyFiles/Vivado_workplace/project_8/project_8.srcs/sources_1/new/sub_7seg.v:219]
WARNING: [Synth 8-4446] all outputs are unconnected for this instance and logic may be removed [D:/MyFiles/Vivado_workplace/project_8/project_8.srcs/sources_1/new/sub_7seg.v:223]
WARNING: [Synth 8-4446] all outputs are unconnected for this instance and logic may be removed [D:/MyFiles/Vivado_workplace/project_8/project_8.srcs/sources_1/new/sub_7seg.v:227]
WARNING: [Synth 8-4446] all outputs are unconnected for this instance and logic may be removed [D:/MyFiles/Vivado_workplace/project_8/project_8.srcs/sources_1/new/sub_7seg.v:231]
WARNING: [Synth 8-4446] all outputs are unconnected for this instance and logic may be removed [D:/MyFiles/Vivado_workplace/project_8/project_8.srcs/sources_1/new/sub_7seg.v:246]
WARNING: [Synth 8-4446] all outputs are unconnected for this instance and logic may be removed [D:/MyFiles/Vivado_workplace/project_8/project_8.srcs/sources_1/new/sub_7seg.v:250]
WARNING: [Synth 8-4446] all outputs are unconnected for this instance and logic may be removed [D:/MyFiles/Vivado_workplace/project_8/project_8.srcs/sources_1/new/sub_7seg.v:254]
WARNING: [Synth 8-4446] all outputs are unconnected for this instance and logic may be removed [D:/MyFiles/Vivado_workplace/project_8/project_8.srcs/sources_1/new/sub_7seg.v:258]
WARNING: [Synth 8-4446] all outputs are unconnected for this instance and logic may be removed [D:/MyFiles/Vivado_workplace/project_8/project_8.srcs/sources_1/new/sub_7seg.v:262]
WARNING: [Synth 8-4446] all outputs are unconnected for this instance and logic may be removed [D:/MyFiles/Vivado_workplace/project_8/project_8.srcs/sources_1/new/sub_7seg.v:266]
WARNING: [Synth 8-4446] all outputs are unconnected for this instance and logic may be removed [D:/MyFiles/Vivado_workplace/project_8/project_8.srcs/sources_1/new/sub_7seg.v:270]
WARNING: [Synth 8-4446] all outputs are unconnected for this instance and logic may be removed [D:/MyFiles/Vivado_workplace/project_8/project_8.srcs/sources_1/new/sub_7seg.v:274]
INFO: [Synth 8-6157] synthesizing module 'sub_TIme_cal' [D:/MyFiles/Vivado_workplace/project_8/project_8.srcs/sources_1/new/sub_TIme_cal.v:23]
INFO: [Synth 8-6155] done synthesizing module 'sub_TIme_cal' (4#1) [D:/MyFiles/Vivado_workplace/project_8/project_8.srcs/sources_1/new/sub_TIme_cal.v:23]
WARNING: [Synth 8-4446] all outputs are unconnected for this instance and logic may be removed [D:/MyFiles/Vivado_workplace/project_8/project_8.srcs/sources_1/new/sub_7seg.v:287]
WARNING: [Synth 8-4446] all outputs are unconnected for this instance and logic may be removed [D:/MyFiles/Vivado_workplace/project_8/project_8.srcs/sources_1/new/sub_7seg.v:301]
WARNING: [Synth 8-4446] all outputs are unconnected for this instance and logic may be removed [D:/MyFiles/Vivado_workplace/project_8/project_8.srcs/sources_1/new/sub_7seg.v:305]
WARNING: [Synth 8-4446] all outputs are unconnected for this instance and logic may be removed [D:/MyFiles/Vivado_workplace/project_8/project_8.srcs/sources_1/new/sub_7seg.v:309]
WARNING: [Synth 8-4446] all outputs are unconnected for this instance and logic may be removed [D:/MyFiles/Vivado_workplace/project_8/project_8.srcs/sources_1/new/sub_7seg.v:313]
WARNING: [Synth 8-4446] all outputs are unconnected for this instance and logic may be removed [D:/MyFiles/Vivado_workplace/project_8/project_8.srcs/sources_1/new/sub_7seg.v:317]
WARNING: [Synth 8-4446] all outputs are unconnected for this instance and logic may be removed [D:/MyFiles/Vivado_workplace/project_8/project_8.srcs/sources_1/new/sub_7seg.v:321]
WARNING: [Synth 8-4446] all outputs are unconnected for this instance and logic may be removed [D:/MyFiles/Vivado_workplace/project_8/project_8.srcs/sources_1/new/sub_7seg.v:325]
WARNING: [Synth 8-4446] all outputs are unconnected for this instance and logic may be removed [D:/MyFiles/Vivado_workplace/project_8/project_8.srcs/sources_1/new/sub_7seg.v:329]
INFO: [Synth 8-6155] done synthesizing module 'sub_7seg' (5#1) [D:/MyFiles/Vivado_workplace/project_8/project_8.srcs/sources_1/new/sub_7seg.v:31]
WARNING: [Synth 8-7023] instance 's1' of module 'sub_7seg' has 14 connections declared, but only 13 given [D:/MyFiles/Vivado_workplace/project_8/project_8.srcs/sources_1/new/Top_module.v:56]
WARNING: [Synth 8-4446] all outputs are unconnected for this instance and logic may be removed [D:/MyFiles/Vivado_workplace/project_8/project_8.srcs/sources_1/new/Top_module.v:73]
WARNING: [Synth 8-7023] instance 'd2' of module 'sub_Frequency_div' has 4 connections declared, but only 3 given [D:/MyFiles/Vivado_workplace/project_8/project_8.srcs/sources_1/new/Top_module.v:73]
INFO: [Synth 8-6157] synthesizing module 'sub_DDS_sine' [D:/MyFiles/Vivado_workplace/project_8/project_8.srcs/sources_1/new/sub_DDS_sine.v:23]
INFO: [Synth 8-6157] synthesizing module 'blk_mem_gen_0' [D:/MyFiles/Vivado_workplace/project_8/project_8.runs/synth_1/.Xil/Vivado-22828-DESKTOP-55M8RCS/realtime/blk_mem_gen_0_stub.v:6]
INFO: [Synth 8-6155] done synthesizing module 'blk_mem_gen_0' (6#1) [D:/MyFiles/Vivado_workplace/project_8/project_8.runs/synth_1/.Xil/Vivado-22828-DESKTOP-55M8RCS/realtime/blk_mem_gen_0_stub.v:6]
INFO: [Synth 8-6155] done synthesizing module 'sub_DDS_sine' (7#1) [D:/MyFiles/Vivado_workplace/project_8/project_8.srcs/sources_1/new/sub_DDS_sine.v:23]
WARNING: [Synth 8-4446] all outputs are unconnected for this instance and logic may be removed [D:/MyFiles/Vivado_workplace/project_8/project_8.srcs/sources_1/new/Top_module.v:91]
INFO: [Synth 8-6157] synthesizing module 'clk_ut' [D:/MyFiles/Vivado_workplace/project_8/project_8.srcs/sources_1/new/clk_ut.v:23]
INFO: [Synth 8-6155] done synthesizing module 'clk_ut' (8#1) [D:/MyFiles/Vivado_workplace/project_8/project_8.srcs/sources_1/new/clk_ut.v:23]
WARNING: [Synth 8-7023] instance 'u1' of module 'clk_ut' has 3 connections declared, but only 2 given [D:/MyFiles/Vivado_workplace/project_8/project_8.srcs/sources_1/new/Top_module.v:91]
WARNING: [Synth 8-4446] all outputs are unconnected for this instance and logic may be removed [D:/MyFiles/Vivado_workplace/project_8/project_8.srcs/sources_1/new/Top_module.v:97]
INFO: [Synth 8-6157] synthesizing module 'sub_cal_freq' [D:/MyFiles/Vivado_workplace/project_8/project_8.srcs/sources_1/new/sub_cal_freq.v:23]
INFO: [Synth 8-6155] done synthesizing module 'sub_cal_freq' (9#1) [D:/MyFiles/Vivado_workplace/project_8/project_8.srcs/sources_1/new/sub_cal_freq.v:23]
WARNING: [Synth 8-7023] instance 'c1' of module 'sub_cal_freq' has 4 connections declared, but only 3 given [D:/MyFiles/Vivado_workplace/project_8/project_8.srcs/sources_1/new/Top_module.v:97]
WARNING: [Synth 8-4446] all outputs are unconnected for this instance and logic may be removed [D:/MyFiles/Vivado_workplace/project_8/project_8.srcs/sources_1/new/Top_module.v:102]
INFO: [Synth 8-6157] synthesizing module 'sub_cal_low_freq' [D:/MyFiles/Vivado_workplace/project_8/project_8.srcs/sources_1/new/sub_cal_low_freq.v:23]
	Parameter TIME_SYS bound to: 10 - type: integer 
INFO: [Synth 8-6155] done synthesizing module 'sub_cal_low_freq' (10#1) [D:/MyFiles/Vivado_workplace/project_8/project_8.srcs/sources_1/new/sub_cal_low_freq.v:23]
WARNING: [Synth 8-7023] instance 'c2' of module 'sub_cal_low_freq' has 4 connections declared, but only 3 given [D:/MyFiles/Vivado_workplace/project_8/project_8.srcs/sources_1/new/Top_module.v:102]
WARNING: [Synth 8-4446] all outputs are unconnected for this instance and logic may be removed [D:/MyFiles/Vivado_workplace/project_8/project_8.srcs/sources_1/new/Top_module.v:108]
WARNING: [Synth 8-4446] all outputs are unconnected for this instance and logic may be removed [D:/MyFiles/Vivado_workplace/project_8/project_8.srcs/sources_1/new/Top_module.v:115]
INFO: [Synth 8-6157] synthesizing module 'sub_Blue_teeth' [D:/MyFiles/Vivado_workplace/project_8/project_8.srcs/sources_1/new/sub_Blue_teeth.v:22]
INFO: [Synth 8-6157] synthesizing module 'sub_receiver_8' [D:/MyFiles/Vivado_workplace/project_8/project_8.srcs/sources_1/new/sub_receiver_8.v:23]
INFO: [Synth 8-6155] done synthesizing module 'sub_receiver_8' (11#1) [D:/MyFiles/Vivado_workplace/project_8/project_8.srcs/sources_1/new/sub_receiver_8.v:23]
WARNING: [Synth 8-689] width (32) of port connection 'message' does not match port width (8) of module 'sub_receiver_8' [D:/MyFiles/Vivado_workplace/project_8/project_8.srcs/sources_1/new/sub_Blue_teeth.v:34]
INFO: [Synth 8-6157] synthesizing module 'sub_bt_transfer' [D:/MyFiles/Vivado_workplace/project_8/project_8.srcs/sources_1/new/sub_bt_transfer.v:22]
WARNING: [Synth 8-6014] Unused sequential element cycle_4_reg was removed.  [D:/MyFiles/Vivado_workplace/project_8/project_8.srcs/sources_1/new/sub_bt_transfer.v:57]
WARNING: [Synth 8-3848] Net move in module/entity sub_bt_transfer does not have driver. [D:/MyFiles/Vivado_workplace/project_8/project_8.srcs/sources_1/new/sub_bt_transfer.v:33]
INFO: [Synth 8-6155] done synthesizing module 'sub_bt_transfer' (12#1) [D:/MyFiles/Vivado_workplace/project_8/project_8.srcs/sources_1/new/sub_bt_transfer.v:22]
INFO: [Synth 8-6155] done synthesizing module 'sub_Blue_teeth' (13#1) [D:/MyFiles/Vivado_workplace/project_8/project_8.srcs/sources_1/new/sub_Blue_teeth.v:22]
WARNING: [Synth 8-7023] instance 'bt' of module 'sub_Blue_teeth' has 4 connections declared, but only 3 given [D:/MyFiles/Vivado_workplace/project_8/project_8.srcs/sources_1/new/Top_module.v:133]
WARNING: [Synth 8-4446] all outputs are unconnected for this instance and logic may be removed [D:/MyFiles/Vivado_workplace/project_8/project_8.srcs/sources_1/new/Top_module.v:138]
WARNING: [Synth 8-3848] Net tx in module/entity Top_module does not have driver. [D:/MyFiles/Vivado_workplace/project_8/project_8.srcs/sources_1/new/Top_module.v:42]
INFO: [Synth 8-6155] done synthesizing module 'Top_module' (14#1) [D:/MyFiles/Vivado_workplace/project_8/project_8.srcs/sources_1/new/Top_module.v:23]
WARNING: [Synth 8-3917] design Top_module has port D[5] driven by constant 0
WARNING: [Synth 8-3917] design Top_module has port D[4] driven by constant 0
WARNING: [Synth 8-3917] design Top_module has port D[3] driven by constant 0
WARNING: [Synth 8-3917] design Top_module has port D[2] driven by constant 0
WARNING: [Synth 8-3917] design Top_module has port D[1] driven by constant 0
WARNING: [Synth 8-3917] design Top_module has port D[0] driven by constant 0
WARNING: [Synth 8-3917] design Top_module has port BTD[4] driven by constant 1
WARNING: [Synth 8-3917] design Top_module has port BTD[3] driven by constant 0
WARNING: [Synth 8-3917] design Top_module has port BTD[2] driven by constant 1
WARNING: [Synth 8-3917] design Top_module has port BTD[1] driven by constant 1
WARNING: [Synth 8-3917] design Top_module has port BTD[0] driven by constant 1
WARNING: [Synth 8-3331] design sub_get_f_BCD has unconnected port clk
WARNING: [Synth 8-3331] design sub_Frequency_div has unconnected port clr
WARNING: [Synth 8-3331] design sub_TIme_cal has unconnected port clr
WARNING: [Synth 8-3331] design sub_TIme_cal has unconnected port mode[2]
WARNING: [Synth 8-3331] design sub_TIme_cal has unconnected port mode[1]
WARNING: [Synth 8-3331] design sub_TIme_cal has unconnected port mode[0]
WARNING: [Synth 8-3331] design Top_module has unconnected port tx
---------------------------------------------------------------------------------
Finished RTL Elaboration : Time (s): cpu = 00:00:06 ; elapsed = 00:00:07 . Memory (MB): peak = 777.484 ; gain = 244.426
---------------------------------------------------------------------------------

Report Check Netlist: 
+------+------------------+-------+---------+-------+------------------+
|      |Item              |Errors |Warnings |Status |Description       |
+------+------------------+-------+---------+-------+------------------+
|1     |multi_driven_nets |      0|        0|Passed |Multi driven nets |
+------+------------------+-------+---------+-------+------------------+
---------------------------------------------------------------------------------
Start Handling Custom Attributes
---------------------------------------------------------------------------------
---------------------------------------------------------------------------------
Finished Handling Custom Attributes : Time (s): cpu = 00:00:07 ; elapsed = 00:00:08 . Memory (MB): peak = 777.484 ; gain = 244.426
---------------------------------------------------------------------------------
---------------------------------------------------------------------------------
Finished RTL Optimization Phase 1 : Time (s): cpu = 00:00:07 ; elapsed = 00:00:08 . Memory (MB): peak = 777.484 ; gain = 244.426
---------------------------------------------------------------------------------
INFO: [Project 1-570] Preparing netlist for logic optimization

Processing XDC Constraints
Initializing timing engine
Parsing XDC File [d:/MyFiles/Vivado_workplace/project_8/project_8.srcs/sources_1/ip/blk_mem_gen_0/blk_mem_gen_0/blk_mem_gen_0_in_context.xdc] for cell 'sin1/rom_addr_douta'
Finished Parsing XDC File [d:/MyFiles/Vivado_workplace/project_8/project_8.srcs/sources_1/ip/blk_mem_gen_0/blk_mem_gen_0/blk_mem_gen_0_in_context.xdc] for cell 'sin1/rom_addr_douta'
Parsing XDC File [D:/MyFiles/Vivado_workplace/project_8/project_8.srcs/constrs_1/new/WW.xdc]
Finished Parsing XDC File [D:/MyFiles/Vivado_workplace/project_8/project_8.srcs/constrs_1/new/WW.xdc]
INFO: [Project 1-236] Implementation specific constraints were found while reading constraint file [D:/MyFiles/Vivado_workplace/project_8/project_8.srcs/constrs_1/new/WW.xdc]. These constraints will be ignored for synthesis but will be used in implementation. Impacted constraints are listed in the file [.Xil/Top_module_propImpl.xdc].
Resolution: To avoid this warning, move constraints listed in [.Xil/Top_module_propImpl.xdc] to another XDC file and exclude this new file from synthesis with the used_in_synthesis property (File Properties dialog in GUI) and re-run elaboration/synthesis.
Completed Processing XDC Constraints

Netlist sorting complete. Time (s): cpu = 00:00:00 ; elapsed = 00:00:00.001 . Memory (MB): peak = 919.664 ; gain = 0.000
INFO: [Project 1-111] Unisim Transformation Summary:
No Unisim elements were transformed.

Constraint Validation Runtime : Time (s): cpu = 00:00:00 ; elapsed = 00:00:00.029 . Memory (MB): peak = 919.664 ; gain = 0.000
---------------------------------------------------------------------------------
Finished Constraint Validation : Time (s): cpu = 00:00:15 ; elapsed = 00:00:17 . Memory (MB): peak = 919.664 ; gain = 386.605
---------------------------------------------------------------------------------
---------------------------------------------------------------------------------
Start Loading Part and Timing Information
---------------------------------------------------------------------------------
Loading part: xc7a35tcsg324-1
---------------------------------------------------------------------------------
Finished Loading Part and Timing Information : Time (s): cpu = 00:00:15 ; elapsed = 00:00:17 . Memory (MB): peak = 919.664 ; gain = 386.605
---------------------------------------------------------------------------------
---------------------------------------------------------------------------------
Start Applying 'set_property' XDC Constraints
---------------------------------------------------------------------------------
Applied set_property DONT_TOUCH = true for sin1/rom_addr_douta. (constraint file  auto generated constraint, line ).
---------------------------------------------------------------------------------
Finished applying 'set_property' XDC Constraints : Time (s): cpu = 00:00:16 ; elapsed = 00:00:17 . Memory (MB): peak = 919.664 ; gain = 386.605
---------------------------------------------------------------------------------
INFO: [Synth 8-5546] ROM "position_t" won't be mapped to RAM because it is too sparse
---------------------------------------------------------------------------------
Finished RTL Optimization Phase 2 : Time (s): cpu = 00:00:23 ; elapsed = 00:00:25 . Memory (MB): peak = 919.664 ; gain = 386.605
---------------------------------------------------------------------------------

Report RTL Partitions: 
+-+--------------+------------+----------+
| |RTL Partition |Replication |Instances |
+-+--------------+------------+----------+
+-+--------------+------------+----------+
---------------------------------------------------------------------------------
Start RTL Component Statistics 
---------------------------------------------------------------------------------
Detailed RTL Component Info : 
+---Adders : 
	   2 Input     32 Bit       Adders := 3     
	   2 Input     20 Bit       Adders := 2     
	   2 Input     14 Bit       Adders := 2     
	   2 Input      8 Bit       Adders := 1     
	   2 Input      6 Bit       Adders := 1     
	   2 Input      5 Bit       Adders := 2     
	   2 Input      4 Bit       Adders := 760   
	   2 Input      3 Bit       Adders := 55    
+---Registers : 
	               32 Bit    Registers := 8     
	               14 Bit    Registers := 2     
	                8 Bit    Registers := 6     
	                7 Bit    Registers := 58    
	                6 Bit    Registers := 1     
	                5 Bit    Registers := 1     
	                1 Bit    Registers := 12    
+---Multipliers : 
	                 4x32  Multipliers := 1     
+---Muxes : 
	   2 Input     32 Bit        Muxes := 4     
	   2 Input     14 Bit        Muxes := 6     
	   9 Input      8 Bit        Muxes := 1     
	   2 Input      8 Bit        Muxes := 8     
	   2 Input      7 Bit        Muxes := 48    
	   2 Input      6 Bit        Muxes := 1     
	   2 Input      5 Bit        Muxes := 1     
	   2 Input      4 Bit        Muxes := 700   
	   2 Input      3 Bit        Muxes := 40    
	   2 Input      1 Bit        Muxes := 22    
	   9 Input      1 Bit        Muxes := 4     
	   7 Input      1 Bit        Muxes := 2     
	   3 Input      1 Bit        Muxes := 1     
	   5 Input      1 Bit        Muxes := 1     
---------------------------------------------------------------------------------
Finished RTL Component Statistics 
---------------------------------------------------------------------------------
---------------------------------------------------------------------------------
Start RTL Hierarchical Component Statistics 
---------------------------------------------------------------------------------
Hierarchical RTL Component report 
Module Top_module 
Detailed RTL Component Info : 
+---Registers : 
	                8 Bit    Registers := 2     
+---Muxes : 
	   2 Input      8 Bit        Muxes := 1     
Module sub_Frequency_div__hierPathDup__1 
Detailed RTL Component Info : 
+---Adders : 
	   2 Input     20 Bit       Adders := 1     
+---Registers : 
	                1 Bit    Registers := 1     
Module sub_7seg_translate 
Detailed RTL Component Info : 
+---Registers : 
	                7 Bit    Registers := 1     
+---Muxes : 
	   2 Input      7 Bit        Muxes := 1     
Module sub_7seg_translate__hierPathDup__47 
Detailed RTL Component Info : 
+---Registers : 
	                7 Bit    Registers := 1     
+---Muxes : 
	   2 Input      7 Bit        Muxes := 1     
Module sub_7seg_translate__hierPathDup__46 
Detailed RTL Component Info : 
+---Registers : 
	                7 Bit    Registers := 1     
+---Muxes : 
	   2 Input      7 Bit        Muxes := 1     
Module sub_7seg_translate__hierPathDup__45 
Detailed RTL Component Info : 
+---Registers : 
	                7 Bit    Registers := 1     
+---Muxes : 
	   2 Input      7 Bit        Muxes := 1     
Module sub_7seg_translate__hierPathDup__44 
Detailed RTL Component Info : 
+---Registers : 
	                7 Bit    Registers := 1     
+---Muxes : 
	   2 Input      7 Bit        Muxes := 1     
Module sub_7seg_translate__hierPathDup__43 
Detailed RTL Component Info : 
+---Registers : 
	                7 Bit    Registers := 1     
+---Muxes : 
	   2 Input      7 Bit        Muxes := 1     
Module sub_7seg_translate__hierPathDup__42 
Detailed RTL Component Info : 
+---Registers : 
	                7 Bit    Registers := 1     
+---Muxes : 
	   2 Input      7 Bit        Muxes := 1     
Module sub_7seg_translate__hierPathDup__41 
Detailed RTL Component Info : 
+---Registers : 
	                7 Bit    Registers := 1     
+---Muxes : 
	   2 Input      7 Bit        Muxes := 1     
Module sub_get_f_BCD__hierPathDup__1 
Detailed RTL Component Info : 
+---Adders : 
	   2 Input      4 Bit       Adders := 152   
	   2 Input      3 Bit       Adders := 11    
+---Muxes : 
	   2 Input      4 Bit        Muxes := 140   
	   2 Input      3 Bit        Muxes := 8     
Module sub_7seg_translate__hierPathDup__40 
Detailed RTL Component Info : 
+---Registers : 
	                7 Bit    Registers := 1     
+---Muxes : 
	   2 Input      7 Bit        Muxes := 1     
Module sub_7seg_translate__hierPathDup__39 
Detailed RTL Component Info : 
+---Registers : 
	                7 Bit    Registers := 1     
+---Muxes : 
	   2 Input      7 Bit        Muxes := 1     
Module sub_7seg_translate__hierPathDup__38 
Detailed RTL Component Info : 
+---Registers : 
	                7 Bit    Registers := 1     
+---Muxes : 
	   2 Input      7 Bit        Muxes := 1     
Module sub_7seg_translate__hierPathDup__37 
Detailed RTL Component Info : 
+---Registers : 
	                7 Bit    Registers := 1     
+---Muxes : 
	   2 Input      7 Bit        Muxes := 1     
Module sub_7seg_translate__hierPathDup__36 
Detailed RTL Component Info : 
+---Registers : 
	                7 Bit    Registers := 1     
+---Muxes : 
	   2 Input      7 Bit        Muxes := 1     
Module sub_7seg_translate__hierPathDup__35 
Detailed RTL Component Info : 
+---Registers : 
	                7 Bit    Registers := 1     
+---Muxes : 
	   2 Input      7 Bit        Muxes := 1     
Module sub_7seg_translate__hierPathDup__34 
Detailed RTL Component Info : 
+---Registers : 
	                7 Bit    Registers := 1     
+---Muxes : 
	   2 Input      7 Bit        Muxes := 1     
Module sub_7seg_translate__hierPathDup__33 
Detailed RTL Component Info : 
+---Registers : 
	                7 Bit    Registers := 1     
+---Muxes : 
	   2 Input      7 Bit        Muxes := 1     
Module sub_7seg_translate__hierPathDup__8 
Detailed RTL Component Info : 
+---Registers : 
	                7 Bit    Registers := 1     
+---Muxes : 
	   2 Input      7 Bit        Muxes := 1     
Module sub_7seg_translate__hierPathDup__7 
Detailed RTL Component Info : 
+---Registers : 
	                7 Bit    Registers := 1     
+---Muxes : 
	   2 Input      7 Bit        Muxes := 1     
Module sub_7seg_translate__hierPathDup__6 
Detailed RTL Component Info : 
+---Registers : 
	                7 Bit    Registers := 1     
+---Muxes : 
	   2 Input      7 Bit        Muxes := 1     
Module sub_7seg_translate__hierPathDup__5 
Detailed RTL Component Info : 
+---Registers : 
	                7 Bit    Registers := 1     
+---Muxes : 
	   2 Input      7 Bit        Muxes := 1     
Module sub_7seg_translate__hierPathDup__4 
Detailed RTL Component Info : 
+---Registers : 
	                7 Bit    Registers := 1     
+---Muxes : 
	   2 Input      7 Bit        Muxes := 1     
Module sub_7seg_translate__hierPathDup__3 
Detailed RTL Component Info : 
+---Registers : 
	                7 Bit    Registers := 1     
+---Muxes : 
	   2 Input      7 Bit        Muxes := 1     
Module sub_7seg_translate__hierPathDup__2 
Detailed RTL Component Info : 
+---Registers : 
	                7 Bit    Registers := 1     
+---Muxes : 
	   2 Input      7 Bit        Muxes := 1     
Module sub_7seg_translate__hierPathDup__1 
Detailed RTL Component Info : 
+---Registers : 
	                7 Bit    Registers := 1     
+---Muxes : 
	   2 Input      7 Bit        Muxes := 1     
Module sub_7seg_translate__hierPathDup__16 
Detailed RTL Component Info : 
+---Registers : 
	                7 Bit    Registers := 1     
+---Muxes : 
	   2 Input      7 Bit        Muxes := 1     
Module sub_7seg_translate__hierPathDup__15 
Detailed RTL Component Info : 
+---Registers : 
	                7 Bit    Registers := 1     
+---Muxes : 
	   2 Input      7 Bit        Muxes := 1     
Module sub_7seg_translate__hierPathDup__14 
Detailed RTL Component Info : 
+---Registers : 
	                7 Bit    Registers := 1     
+---Muxes : 
	   2 Input      7 Bit        Muxes := 1     
Module sub_7seg_translate__hierPathDup__13 
Detailed RTL Component Info : 
+---Registers : 
	                7 Bit    Registers := 1     
+---Muxes : 
	   2 Input      7 Bit        Muxes := 1     
Module sub_7seg_translate__hierPathDup__12 
Detailed RTL Component Info : 
+---Registers : 
	                7 Bit    Registers := 1     
+---Muxes : 
	   2 Input      7 Bit        Muxes := 1     
Module sub_7seg_translate__hierPathDup__11 
Detailed RTL Component Info : 
+---Registers : 
	                7 Bit    Registers := 1     
+---Muxes : 
	   2 Input      7 Bit        Muxes := 1     
Module sub_7seg_translate__hierPathDup__10 
Detailed RTL Component Info : 
+---Registers : 
	                7 Bit    Registers := 1     
+---Muxes : 
	   2 Input      7 Bit        Muxes := 1     
Module sub_7seg_translate__hierPathDup__9 
Detailed RTL Component Info : 
+---Registers : 
	                7 Bit    Registers := 1     
+---Muxes : 
	   2 Input      7 Bit        Muxes := 1     
Module sub_7seg_translate__hierPathDup__24 
Detailed RTL Component Info : 
+---Registers : 
	                7 Bit    Registers := 1     
+---Muxes : 
	   2 Input      7 Bit        Muxes := 1     
Module sub_7seg_translate__hierPathDup__23 
Detailed RTL Component Info : 
+---Registers : 
	                7 Bit    Registers := 1     
+---Muxes : 
	   2 Input      7 Bit        Muxes := 1     
Module sub_7seg_translate__hierPathDup__22 
Detailed RTL Component Info : 
+---Registers : 
	                7 Bit    Registers := 1     
+---Muxes : 
	   2 Input      7 Bit        Muxes := 1     
Module sub_7seg_translate__hierPathDup__21 
Detailed RTL Component Info : 
+---Registers : 
	                7 Bit    Registers := 1     
+---Muxes : 
	   2 Input      7 Bit        Muxes := 1     
Module sub_7seg_translate__hierPathDup__20 
Detailed RTL Component Info : 
+---Registers : 
	                7 Bit    Registers := 1     
+---Muxes : 
	   2 Input      7 Bit        Muxes := 1     
Module sub_7seg_translate__hierPathDup__19 
Detailed RTL Component Info : 
+---Registers : 
	                7 Bit    Registers := 1     
+---Muxes : 
	   2 Input      7 Bit        Muxes := 1     
Module sub_7seg_translate__hierPathDup__18 
Detailed RTL Component Info : 
+---Registers : 
	                7 Bit    Registers := 1     
+---Muxes : 
	   2 Input      7 Bit        Muxes := 1     
Module sub_7seg_translate__hierPathDup__17 
Detailed RTL Component Info : 
+---Registers : 
	                7 Bit    Registers := 1     
+---Muxes : 
	   2 Input      7 Bit        Muxes := 1     
Module sub_TIme_cal 
Detailed RTL Component Info : 
+---Adders : 
	   2 Input     32 Bit       Adders := 2     
+---Registers : 
	               32 Bit    Registers := 2     
+---Muxes : 
	   2 Input     32 Bit        Muxes := 2     
	   2 Input      1 Bit        Muxes := 1     
Module sub_get_f_BCD__hierPathDup__2 
Detailed RTL Component Info : 
+---Adders : 
	   2 Input      4 Bit       Adders := 152   
	   2 Input      3 Bit       Adders := 11    
+---Muxes : 
	   2 Input      4 Bit        Muxes := 140   
	   2 Input      3 Bit        Muxes := 8     
Module sub_7seg_translate__hierPathDup__32 
Detailed RTL Component Info : 
+---Registers : 
	                7 Bit    Registers := 1     
+---Muxes : 
	   2 Input      7 Bit        Muxes := 1     
Module sub_7seg_translate__hierPathDup__31 
Detailed RTL Component Info : 
+---Registers : 
	                7 Bit    Registers := 1     
+---Muxes : 
	   2 Input      7 Bit        Muxes := 1     
Module sub_7seg_translate__hierPathDup__30 
Detailed RTL Component Info : 
+---Registers : 
	                7 Bit    Registers := 1     
+---Muxes : 
	   2 Input      7 Bit        Muxes := 1     
Module sub_7seg_translate__hierPathDup__29 
Detailed RTL Component Info : 
+---Registers : 
	                7 Bit    Registers := 1     
+---Muxes : 
	   2 Input      7 Bit        Muxes := 1     
Module sub_7seg_translate__hierPathDup__28 
Detailed RTL Component Info : 
+---Registers : 
	                7 Bit    Registers := 1     
+---Muxes : 
	   2 Input      7 Bit        Muxes := 1     
Module sub_7seg_translate__hierPathDup__27 
Detailed RTL Component Info : 
+---Registers : 
	                7 Bit    Registers := 1     
+---Muxes : 
	   2 Input      7 Bit        Muxes := 1     
Module sub_7seg_translate__hierPathDup__26 
Detailed RTL Component Info : 
+---Registers : 
	                7 Bit    Registers := 1     
+---Muxes : 
	   2 Input      7 Bit        Muxes := 1     
Module sub_7seg_translate__hierPathDup__25 
Detailed RTL Component Info : 
+---Registers : 
	                7 Bit    Registers := 1     
+---Muxes : 
	   2 Input      7 Bit        Muxes := 1     
Module sub_7seg 
Detailed RTL Component Info : 
+---Registers : 
	                8 Bit    Registers := 1     
	                7 Bit    Registers := 10    
	                1 Bit    Registers := 4     
+---Muxes : 
	   9 Input      8 Bit        Muxes := 1     
	   9 Input      1 Bit        Muxes := 4     
	   7 Input      1 Bit        Muxes := 2     
Module sub_Frequency_div 
Detailed RTL Component Info : 
+---Adders : 
	   2 Input     20 Bit       Adders := 1     
+---Registers : 
	                1 Bit    Registers := 1     
Module sub_DDS_sine 
Detailed RTL Component Info : 
+---Adders : 
	   2 Input      8 Bit       Adders := 1     
+---Registers : 
	                8 Bit    Registers := 1     
Module clk_ut 
Detailed RTL Component Info : 
+---Registers : 
	                1 Bit    Registers := 1     
Module sub_cal_freq 
Detailed RTL Component Info : 
+---Registers : 
	               32 Bit    Registers := 3     
	                1 Bit    Registers := 1     
+---Muxes : 
	   2 Input      1 Bit        Muxes := 2     
	   3 Input      1 Bit        Muxes := 1     
Module sub_cal_low_freq 
Detailed RTL Component Info : 
+---Adders : 
	   2 Input     32 Bit       Adders := 1     
+---Registers : 
	               32 Bit    Registers := 3     
+---Multipliers : 
	                 4x32  Multipliers := 1     
+---Muxes : 
	   2 Input     32 Bit        Muxes := 2     
Module sub_get_f_BCD__hierPathDup__3 
Detailed RTL Component Info : 
+---Adders : 
	   2 Input      4 Bit       Adders := 152   
	   2 Input      3 Bit       Adders := 11    
+---Muxes : 
	   2 Input      4 Bit        Muxes := 140   
	   2 Input      3 Bit        Muxes := 8     
Module sub_get_f_BCD__hierPathDup__4 
Detailed RTL Component Info : 
+---Adders : 
	   2 Input      4 Bit       Adders := 152   
	   2 Input      3 Bit       Adders := 11    
+---Muxes : 
	   2 Input      4 Bit        Muxes := 140   
	   2 Input      3 Bit        Muxes := 8     
Module sub_receiver_8 
Detailed RTL Component Info : 
+---Adders : 
	   2 Input     14 Bit       Adders := 1     
	   2 Input      5 Bit       Adders := 1     
+---Registers : 
	               14 Bit    Registers := 1     
	                8 Bit    Registers := 2     
	                5 Bit    Registers := 1     
	                1 Bit    Registers := 2     
+---Muxes : 
	   2 Input     14 Bit        Muxes := 5     
	   2 Input      8 Bit        Muxes := 7     
	   2 Input      5 Bit        Muxes := 1     
	   2 Input      1 Bit        Muxes := 7     
	   5 Input      1 Bit        Muxes := 1     
Module sub_bt_transfer 
Detailed RTL Component Info : 
+---Adders : 
	   2 Input     14 Bit       Adders := 1     
	   2 Input      6 Bit       Adders := 1     
	   2 Input      5 Bit       Adders := 1     
+---Registers : 
	               14 Bit    Registers := 1     
	                6 Bit    Registers := 1     
	                1 Bit    Registers := 2     
+---Muxes : 
	   2 Input     14 Bit        Muxes := 1     
	   2 Input      6 Bit        Muxes := 1     
	   2 Input      1 Bit        Muxes := 12    
Module sub_get_f_BCD 
Detailed RTL Component Info : 
+---Adders : 
	   2 Input      4 Bit       Adders := 152   
	   2 Input      3 Bit       Adders := 11    
+---Muxes : 
	   2 Input      4 Bit        Muxes := 140   
	   2 Input      3 Bit        Muxes := 8     
---------------------------------------------------------------------------------
Finished RTL Hierarchical Component Statistics
---------------------------------------------------------------------------------
---------------------------------------------------------------------------------
Start Part Resource Summary
---------------------------------------------------------------------------------
Part Resources:
DSPs: 90 (col length:60)
BRAMs: 100 (col length: RAMB18 60 RAMB36 30)
---------------------------------------------------------------------------------
Finished Part Resource Summary
---------------------------------------------------------------------------------
---------------------------------------------------------------------------------
Start Cross Boundary and Area Optimization
---------------------------------------------------------------------------------
Warning: Parallel synthesis criteria is not met 
INFO: [Synth 8-4471] merging register 'SW_inside_reg[7:0]' into 'SW_inside_reg[7:0]' [D:/MyFiles/Vivado_workplace/project_8/project_8.srcs/sources_1/new/Top_module.v:85]
INFO: [Synth 8-5546] ROM "position_t" won't be mapped to RAM because it is too sparse
DSP Report: Generating DSP p_0_out, operation Mode is: (A:0x1312d)*B.
DSP Report: operator p_0_out is absorbed into DSP p_0_out.
DSP Report: Generating DSP p_0_out, operation Mode is: (A:0x1312d)*B2.
DSP Report: register p_0_out is absorbed into DSP p_0_out.
DSP Report: operator p_0_out is absorbed into DSP p_0_out.
WARNING: [Synth 8-3917] design Top_module has port D[5] driven by constant 0
WARNING: [Synth 8-3917] design Top_module has port D[4] driven by constant 0
WARNING: [Synth 8-3917] design Top_module has port D[3] driven by constant 0
WARNING: [Synth 8-3917] design Top_module has port D[2] driven by constant 0
WARNING: [Synth 8-3917] design Top_module has port D[1] driven by constant 0
WARNING: [Synth 8-3917] design Top_module has port D[0] driven by constant 0
WARNING: [Synth 8-3917] design Top_module has port BTD[4] driven by constant 1
WARNING: [Synth 8-3917] design Top_module has port BTD[3] driven by constant 0
WARNING: [Synth 8-3917] design Top_module has port BTD[2] driven by constant 1
WARNING: [Synth 8-3917] design Top_module has port BTD[1] driven by constant 1
WARNING: [Synth 8-3917] design Top_module has port BTD[0] driven by constant 1
WARNING: [Synth 8-3331] design sub_get_f_BCD has unconnected port clk
WARNING: [Synth 8-3331] design sub_get_f_BCD__hierPathDup__4 has unconnected port clk
WARNING: [Synth 8-3331] design sub_get_f_BCD__hierPathDup__3 has unconnected port clk
WARNING: [Synth 8-3331] design sub_get_f_BCD__hierPathDup__2 has unconnected port clk
WARNING: [Synth 8-3331] design sub_TIme_cal has unconnected port clr
WARNING: [Synth 8-3331] design sub_TIme_cal has unconnected port mode[2]
WARNING: [Synth 8-3331] design sub_TIme_cal has unconnected port mode[1]
WARNING: [Synth 8-3331] design sub_TIme_cal has unconnected port mode[0]
WARNING: [Synth 8-3331] design sub_get_f_BCD__hierPathDup__1 has unconnected port clk
WARNING: [Synth 8-3331] design Top_module has unconnected port tx
WARNING: [Synth 8-3331] design Top_module has unconnected port din[8]
WARNING: [Synth 8-3331] design Top_module has unconnected port din[7]
WARNING: [Synth 8-3331] design Top_module has unconnected port din[6]
WARNING: [Synth 8-3331] design Top_module has unconnected port din[5]
WARNING: [Synth 8-3331] design Top_module has unconnected port din[4]
WARNING: [Synth 8-3331] design Top_module has unconnected port din[3]
WARNING: [Synth 8-3331] design Top_module has unconnected port din[2]
WARNING: [Synth 8-3331] design Top_module has unconnected port din[1]
WARNING: [Synth 8-3331] design Top_module has unconnected port din[0]
INFO: [Synth 8-3886] merging instance 'c1/clk_count_pre_reg[27]' (FD) to 'c1/clk_count_pre_reg[31]'
INFO: [Synth 8-3886] merging instance 'c1/clk_count_pre_reg[28]' (FD) to 'c1/clk_count_pre_reg[31]'
INFO: [Synth 8-3886] merging instance 'c1/clk_count_pre_reg[29]' (FD) to 'c1/clk_count_pre_reg[31]'
INFO: [Synth 8-3886] merging instance 'c1/clk_count_pre_reg[30]' (FD) to 'c1/clk_count_pre_reg[31]'
INFO: [Synth 8-3333] propagating constant 0 across sequential element (c1/\clk_count_pre_reg[31] )
INFO: [Synth 8-3886] merging instance 'c2/fre_Hz_low_reg[30]' (FDC_1) to 'c2/fre_Hz_low_reg[31]'
INFO: [Synth 8-3333] propagating constant 0 across sequential element (c2/\fre_Hz_low_reg[31] )
---------------------------------------------------------------------------------
Finished Cross Boundary and Area Optimization : Time (s): cpu = 00:05:38 ; elapsed = 00:05:59 . Memory (MB): peak = 1237.773 ; gain = 704.715
---------------------------------------------------------------------------------
---------------------------------------------------------------------------------
Start ROM, RAM, DSP and Shift Register Reporting
---------------------------------------------------------------------------------

DSP: Preliminary Mapping  Report (see note below)
+------------+----------------+--------+--------+--------+--------+--------+------+------+------+------+-------+------+------+
|Module Name | DSP Mapping    | A Size | B Size | C Size | D Size | P Size | AREG | BREG | CREG | DREG | ADREG | MREG | PREG | 
+------------+----------------+--------+--------+--------+--------+--------+------+------+------+------+-------+------+------+
|sub_7seg    | (A:0x1312d)*B  | 10     | 17     | -      | -      | 27     | 0    | 0    | -    | -    | -     | 0    | 0    | 
|Top_module  | (A:0x1312d)*B2 | 10     | 17     | -      | -      | 27     | 1    | 0    | -    | -    | -     | 0    | 0    | 
+------------+----------------+--------+--------+--------+--------+--------+------+------+------+------+-------+------+------+

Note: The table above is a preliminary report that shows the DSPs inferred at the current stage of the synthesis flow. Some DSP may be reimplemented as non DSP primitives later in the synthesis flow. Multiple instantiated DSPs are reported only once.
---------------------------------------------------------------------------------
Finished ROM, RAM, DSP and Shift Register Reporting
---------------------------------------------------------------------------------

Report RTL Partitions: 
+-+--------------+------------+----------+
| |RTL Partition |Replication |Instances |
+-+--------------+------------+----------+
+-+--------------+------------+----------+
---------------------------------------------------------------------------------
Start Applying XDC Timing Constraints
---------------------------------------------------------------------------------
---------------------------------------------------------------------------------
Finished Applying XDC Timing Constraints : Time (s): cpu = 00:05:59 ; elapsed = 00:06:21 . Memory (MB): peak = 1237.773 ; gain = 704.715
---------------------------------------------------------------------------------
---------------------------------------------------------------------------------
Start Timing Optimization
---------------------------------------------------------------------------------
---------------------------------------------------------------------------------
Finished Timing Optimization : Time (s): cpu = 00:06:00 ; elapsed = 00:06:22 . Memory (MB): peak = 1237.773 ; gain = 704.715
---------------------------------------------------------------------------------

Report RTL Partitions: 
+-+--------------+------------+----------+
| |RTL Partition |Replication |Instances |
+-+--------------+------------+----------+
+-+--------------+------------+----------+
---------------------------------------------------------------------------------
Start Technology Mapping
---------------------------------------------------------------------------------
---------------------------------------------------------------------------------
Finished Technology Mapping : Time (s): cpu = 00:06:09 ; elapsed = 00:06:32 . Memory (MB): peak = 1783.406 ; gain = 1250.348
---------------------------------------------------------------------------------

Report RTL Partitions: 
+-+--------------+------------+----------+
| |RTL Partition |Replication |Instances |
+-+--------------+------------+----------+
+-+--------------+------------+----------+
---------------------------------------------------------------------------------
Start IO Insertion
---------------------------------------------------------------------------------
---------------------------------------------------------------------------------
Start Flattening Before IO Insertion
---------------------------------------------------------------------------------
---------------------------------------------------------------------------------
Finished Flattening Before IO Insertion
---------------------------------------------------------------------------------
---------------------------------------------------------------------------------
Start Final Netlist Cleanup
---------------------------------------------------------------------------------
---------------------------------------------------------------------------------
Finished Final Netlist Cleanup
---------------------------------------------------------------------------------
WARNING: [Synth 8-5396] Clock pin C has keep related attribute (keep/mark_debug/dont_touch) which could create extra logic on its net [D:/MyFiles/Vivado_workplace/project_8/project_8.srcs/sources_1/new/sub_7seg.v:563]
WARNING: [Synth 8-5396] Clock pin C has keep related attribute (keep/mark_debug/dont_touch) which could create extra logic on its net [D:/MyFiles/Vivado_workplace/project_8/project_8.srcs/sources_1/new/sub_cal_freq.v:64]
WARNING: [Synth 8-5396] Clock pin C has keep related attribute (keep/mark_debug/dont_touch) which could create extra logic on its net [D:/MyFiles/Vivado_workplace/project_8/project_8.srcs/sources_1/new/sub_DDS_sine.v:32]
---------------------------------------------------------------------------------
Finished IO Insertion : Time (s): cpu = 00:06:12 ; elapsed = 00:06:35 . Memory (MB): peak = 1783.406 ; gain = 1250.348
---------------------------------------------------------------------------------

Report Check Netlist: 
+------+------------------+-------+---------+-------+------------------+
|      |Item              |Errors |Warnings |Status |Description       |
+------+------------------+-------+---------+-------+------------------+
|1     |multi_driven_nets |      0|        0|Passed |Multi driven nets |
+------+------------------+-------+---------+-------+------------------+
---------------------------------------------------------------------------------
Start Renaming Generated Instances
---------------------------------------------------------------------------------
---------------------------------------------------------------------------------
Finished Renaming Generated Instances : Time (s): cpu = 00:06:12 ; elapsed = 00:06:36 . Memory (MB): peak = 1783.406 ; gain = 1250.348
---------------------------------------------------------------------------------

Report RTL Partitions: 
+-+--------------+------------+----------+
| |RTL Partition |Replication |Instances |
+-+--------------+------------+----------+
+-+--------------+------------+----------+
---------------------------------------------------------------------------------
Start Rebuilding User Hierarchy
---------------------------------------------------------------------------------
---------------------------------------------------------------------------------
Finished Rebuilding User Hierarchy : Time (s): cpu = 00:06:13 ; elapsed = 00:06:36 . Memory (MB): peak = 1783.406 ; gain = 1250.348
---------------------------------------------------------------------------------
---------------------------------------------------------------------------------
Start Renaming Generated Ports
---------------------------------------------------------------------------------
---------------------------------------------------------------------------------
Finished Renaming Generated Ports : Time (s): cpu = 00:06:13 ; elapsed = 00:06:36 . Memory (MB): peak = 1783.406 ; gain = 1250.348
---------------------------------------------------------------------------------
---------------------------------------------------------------------------------
Start Handling Custom Attributes
---------------------------------------------------------------------------------
---------------------------------------------------------------------------------
Finished Handling Custom Attributes : Time (s): cpu = 00:06:13 ; elapsed = 00:06:36 . Memory (MB): peak = 1783.406 ; gain = 1250.348
---------------------------------------------------------------------------------
---------------------------------------------------------------------------------
Start Renaming Generated Nets
---------------------------------------------------------------------------------
---------------------------------------------------------------------------------
Finished Renaming Generated Nets : Time (s): cpu = 00:06:13 ; elapsed = 00:06:36 . Memory (MB): peak = 1783.406 ; gain = 1250.348
---------------------------------------------------------------------------------
---------------------------------------------------------------------------------
Start Writing Synthesis Report
---------------------------------------------------------------------------------

Report BlackBoxes: 
+------+--------------+----------+
|      |BlackBox name |Instances |
+------+--------------+----------+
|1     |blk_mem_gen_0 |         1|
+------+--------------+----------+

Report Cell Usage: 
+------+--------------+------+
|      |Cell          |Count |
+------+--------------+------+
|1     |blk_mem_gen_0 |     1|
|2     |BUFG          |     1|
|3     |CARRY4        |   322|
|4     |DSP48E1       |     1|
|5     |DSP48E1_1     |     1|
|6     |LUT1          |    91|
|7     |LUT2          |   182|
|8     |LUT3          |   851|
|9     |LUT4          |   243|
|10    |LUT5          |   473|
|11    |LUT6          |  1845|
|12    |FDCE          |    67|
|13    |FDRE          |   808|
|14    |FDSE          |     2|
|15    |IBUF          |    16|
|16    |OBUF          |    47|
|17    |OBUFT         |     1|
+------+--------------+------+

Report Instance Areas: 
+------+------------+------------------------------------+------+
|      |Instance    |Module                              |Cells |
+------+------------+------------------------------------+------+
|1     |top         |                                    |  4959|
|2     |  B3        |sub_get_f_BCD__hierPathDup__3       |   471|
|3     |  B4        |sub_get_f_BCD__hierPathDup__4       |   471|
|4     |  B5        |sub_get_f_BCD                       |   306|
|5     |  bt        |sub_Blue_teeth                      |   123|
|6     |    r1      |sub_receiver_8                      |    99|
|7     |  c1        |sub_cal_freq                        |   233|
|8     |  c2        |sub_cal_low_freq                    |  1397|
|9     |  d1        |sub_Frequency_div__hierPathDup__1   |    54|
|10    |  d2        |sub_Frequency_div                   |    54|
|11    |  s1        |sub_7seg                            |  1741|
|12    |    B6      |sub_get_f_BCD__hierPathDup__2       |     0|
|13    |    B2      |sub_get_f_BCD__hierPathDup__1       |   306|
|14    |    mode1_0 |sub_7seg_translate__hierPathDup__41 |     7|
|15    |    mode1_1 |sub_7seg_translate__hierPathDup__42 |     7|
|16    |    mode1_2 |sub_7seg_translate__hierPathDup__43 |     7|
|17    |    mode1_3 |sub_7seg_translate__hierPathDup__44 |     7|
|18    |    mode1_4 |sub_7seg_translate__hierPathDup__45 |     7|
|19    |    mode1_5 |sub_7seg_translate__hierPathDup__46 |     7|
|20    |    mode1_6 |sub_7seg_translate__hierPathDup__47 |     7|
|21    |    mode1_7 |sub_7seg_translate                  |     7|
|22    |    mode2_0 |sub_7seg_translate__hierPathDup__33 |    14|
|23    |    mode2_1 |sub_7seg_translate__hierPathDup__34 |    14|
|24    |    mode2_2 |sub_7seg_translate__hierPathDup__35 |    14|
|25    |    mode2_3 |sub_7seg_translate__hierPathDup__36 |    14|
|26    |    mode2_4 |sub_7seg_translate__hierPathDup__37 |    14|
|27    |    mode2_5 |sub_7seg_translate__hierPathDup__38 |    14|
|28    |    mode2_6 |sub_7seg_translate__hierPathDup__39 |    14|
|29    |    mode2_7 |sub_7seg_translate__hierPathDup__40 |    15|
|30    |    mode3_0 |sub_7seg_translate__hierPathDup__1  |    14|
|31    |    mode3_1 |sub_7seg_translate__hierPathDup__2  |    14|
|32    |    mode3_2 |sub_7seg_translate__hierPathDup__3  |    14|
|33    |    mode3_3 |sub_7seg_translate__hierPathDup__4  |    14|
|34    |    mode3_4 |sub_7seg_translate__hierPathDup__5  |    14|
|35    |    mode3_5 |sub_7seg_translate__hierPathDup__6  |    14|
|36    |    mode3_6 |sub_7seg_translate__hierPathDup__7  |    14|
|37    |    mode3_7 |sub_7seg_translate__hierPathDup__8  |    15|
|38    |    mode4_0 |sub_7seg_translate__hierPathDup__9  |    14|
|39    |    mode4_1 |sub_7seg_translate__hierPathDup__10 |    14|
|40    |    mode4_2 |sub_7seg_translate__hierPathDup__11 |    14|
|41    |    mode4_3 |sub_7seg_translate__hierPathDup__12 |    14|
|42    |    mode4_4 |sub_7seg_translate__hierPathDup__13 |    14|
|43    |    mode4_5 |sub_7seg_translate__hierPathDup__14 |    14|
|44    |    mode4_6 |sub_7seg_translate__hierPathDup__15 |    14|
|45    |    mode4_7 |sub_7seg_translate__hierPathDup__16 |    14|
|46    |    mode5_0 |sub_7seg_translate__hierPathDup__17 |    14|
|47    |    mode5_1 |sub_7seg_translate__hierPathDup__18 |    14|
|48    |    mode5_2 |sub_7seg_translate__hierPathDup__19 |    14|
|49    |    mode5_3 |sub_7seg_translate__hierPathDup__20 |    14|
|50    |    mode5_4 |sub_7seg_translate__hierPathDup__21 |    14|
|51    |    mode5_5 |sub_7seg_translate__hierPathDup__22 |    14|
|52    |    mode5_6 |sub_7seg_translate__hierPathDup__23 |    14|
|53    |    mode5_7 |sub_7seg_translate__hierPathDup__24 |    14|
|54    |    mode6_0 |sub_7seg_translate__hierPathDup__25 |    14|
|55    |    mode6_1 |sub_7seg_translate__hierPathDup__26 |    14|
|56    |    mode6_2 |sub_7seg_translate__hierPathDup__27 |    14|
|57    |    mode6_3 |sub_7seg_translate__hierPathDup__28 |    14|
|58    |    mode6_4 |sub_7seg_translate__hierPathDup__29 |    14|
|59    |    mode6_5 |sub_7seg_translate__hierPathDup__30 |    14|
|60    |    mode6_6 |sub_7seg_translate__hierPathDup__31 |    14|
|61    |    mode6_7 |sub_7seg_translate__hierPathDup__32 |    14|
|62    |    tim1    |sub_TIme_cal                        |   573|
|63    |  sin1      |sub_DDS_sine                        |    26|
|64    |  u1        |clk_ut                              |     1|
+------+------------+------------------------------------+------+
---------------------------------------------------------------------------------
Finished Writing Synthesis Report : Time (s): cpu = 00:06:13 ; elapsed = 00:06:36 . Memory (MB): peak = 1783.406 ; gain = 1250.348
---------------------------------------------------------------------------------
Synthesis finished with 0 errors, 0 critical warnings and 33 warnings.
Synthesis Optimization Runtime : Time (s): cpu = 00:06:02 ; elapsed = 00:06:32 . Memory (MB): peak = 1783.406 ; gain = 1108.168
Synthesis Optimization Complete : Time (s): cpu = 00:06:13 ; elapsed = 00:06:36 . Memory (MB): peak = 1783.406 ; gain = 1250.348
INFO: [Project 1-571] Translating synthesized netlist
INFO: [Netlist 29-17] Analyzing 324 Unisim elements for replacement
INFO: [Netlist 29-28] Unisim Transformation completed in 0 CPU seconds
INFO: [Project 1-570] Preparing netlist for logic optimization
INFO: [Opt 31-138] Pushed 0 inverter(s) to 0 load pin(s).
Netlist sorting complete. Time (s): cpu = 00:00:00 ; elapsed = 00:00:00.002 . Memory (MB): peak = 1783.406 ; gain = 0.000
INFO: [Project 1-111] Unisim Transformation Summary:
No Unisim elements were transformed.

INFO: [Common 17-83] Releasing license: Synthesis
51 Infos, 120 Warnings, 0 Critical Warnings and 0 Errors encountered.
synth_design completed successfully
synth_design: Time (s): cpu = 00:06:20 ; elapsed = 00:06:45 . Memory (MB): peak = 1783.406 ; gain = 1493.281
Netlist sorting complete. Time (s): cpu = 00:00:00 ; elapsed = 00:00:00.002 . Memory (MB): peak = 1783.406 ; gain = 0.000
WARNING: [Constraints 18-5210] No constraints selected for write.
Resolution: This message can indicate that there are no constraints for the design, or it can indicate that the used_in flags are set such that the constraints are ignored. This later case is used when running synth_design to not write synthesis constraints to the resulting checkpoint. Instead, project constraints are read when the synthesized design is opened.
INFO: [Common 17-1381] The checkpoint 'D:/MyFiles/Vivado_workplace/project_8/project_8.runs/synth_1/Top_module.dcp' has been generated.
INFO: [runtcl-4] Executing : report_utilization -file Top_module_utilization_synth.rpt -pb Top_module_utilization_synth.pb
INFO: [Common 17-206] Exiting Vivado at Sun Jun  4 09:27:12 2023...
